[0.043s] Invoking command in '/home/ilyas/workspace/dirver_ws/src/driver/build/driver': CMAKE_PREFIX_PATH=${CMAKE_PREFIX_PATH}:/opt/ros/humble /usr/bin/cmake /home/ilyas/workspace/dirver_ws/src/driver -DCMAKE_INSTALL_PREFIX=/home/ilyas/workspace/dirver_ws/src/driver/install/driver
[0.084s] -- The C compiler identification is GNU 11.4.0
[0.126s] -- The CXX compiler identification is GNU 11.4.0
[0.131s] -- Detecting C compiler ABI info
[0.179s] -- Detecting C compiler ABI info - done
[0.184s] -- Check for working C compiler: /usr/bin/cc - skipped
[0.184s] -- Detecting C compile features
[0.184s] -- Detecting C compile features - done
[0.186s] -- Detecting CXX compiler ABI info
[0.238s] -- Detecting CXX compiler ABI info - done
[0.244s] -- Check for working CXX compiler: /usr/bin/c++ - skipped
[0.244s] -- Detecting CXX compile features
[0.244s] -- Detecting CXX compile features - done
[0.246s] -- Found ament_cmake: 1.3.5 (/opt/ros/humble/share/ament_cmake/cmake)
[0.354s] -- Found Python3: /usr/bin/python3.10 (found version "3.10.12") found components: Interpreter 
[0.421s] -- Found ament_lint_auto: 0.12.8 (/opt/ros/humble/share/ament_lint_auto/cmake)
[0.472s] -- Added test 'cppcheck' to perform static code analysis on C / C++ code
[0.472s] -- Configured cppcheck include dirs: 
[0.472s] -- Configured cppcheck exclude dirs and/or files: 
[0.472s] -- Added test 'flake8' to check Python code syntax and style conventions
[0.473s] -- Added test 'lint_cmake' to check CMake code style
[0.473s] -- Added test 'pep257' to check Python code against some of the docstring style conventions in PEP 257
[0.476s] -- Added test 'uncrustify' to check C / C++ code style
[0.476s] -- Configured uncrustify additional arguments: 
[0.476s] -- Added test 'xmllint' to check XML markup files
[0.477s] -- Configuring done
[0.479s] -- Generating done
[0.479s] -- Build files have been written to: /home/ilyas/workspace/dirver_ws/src/driver/build/driver
[0.483s] Invoked command in '/home/ilyas/workspace/dirver_ws/src/driver/build/driver' returned '0': CMAKE_PREFIX_PATH=${CMAKE_PREFIX_PATH}:/opt/ros/humble /usr/bin/cmake /home/ilyas/workspace/dirver_ws/src/driver -DCMAKE_INSTALL_PREFIX=/home/ilyas/workspace/dirver_ws/src/driver/install/driver
[0.484s] Invoking command in '/home/ilyas/workspace/dirver_ws/src/driver/build/driver': CMAKE_PREFIX_PATH=${CMAKE_PREFIX_PATH}:/opt/ros/humble /usr/bin/cmake --build /home/ilyas/workspace/dirver_ws/src/driver/build/driver -- -j8 -l8
[0.511s] Invoked command in '/home/ilyas/workspace/dirver_ws/src/driver/build/driver' returned '0': CMAKE_PREFIX_PATH=${CMAKE_PREFIX_PATH}:/opt/ros/humble /usr/bin/cmake --build /home/ilyas/workspace/dirver_ws/src/driver/build/driver -- -j8 -l8
[0.540s] Invoking command in '/home/ilyas/workspace/dirver_ws/src/driver/build/driver': CMAKE_PREFIX_PATH=${CMAKE_PREFIX_PATH}:/opt/ros/humble /usr/bin/cmake --install /home/ilyas/workspace/dirver_ws/src/driver/build/driver
[0.547s] -- Install configuration: ""
[0.547s] -- Installing: /home/ilyas/workspace/dirver_ws/src/driver/install/driver/share/ament_index/resource_index/package_run_dependencies/driver
[0.547s] -- Installing: /home/ilyas/workspace/dirver_ws/src/driver/install/driver/share/ament_index/resource_index/parent_prefix_path/driver
[0.547s] -- Installing: /home/ilyas/workspace/dirver_ws/src/driver/install/driver/share/driver/environment/ament_prefix_path.sh
[0.547s] -- Installing: /home/ilyas/workspace/dirver_ws/src/driver/install/driver/share/driver/environment/ament_prefix_path.dsv
[0.547s] -- Installing: /home/ilyas/workspace/dirver_ws/src/driver/install/driver/share/driver/environment/path.sh
[0.548s] -- Installing: /home/ilyas/workspace/dirver_ws/src/driver/install/driver/share/driver/environment/path.dsv
[0.548s] -- Installing: /home/ilyas/workspace/dirver_ws/src/driver/install/driver/share/driver/local_setup.bash
[0.548s] -- Installing: /home/ilyas/workspace/dirver_ws/src/driver/install/driver/share/driver/local_setup.sh
[0.548s] -- Installing: /home/ilyas/workspace/dirver_ws/src/driver/install/driver/share/driver/local_setup.zsh
[0.548s] -- Installing: /home/ilyas/workspace/dirver_ws/src/driver/install/driver/share/driver/local_setup.dsv
[0.548s] -- Installing: /home/ilyas/workspace/dirver_ws/src/driver/install/driver/share/driver/package.dsv
[0.548s] -- Installing: /home/ilyas/workspace/dirver_ws/src/driver/install/driver/share/ament_index/resource_index/packages/driver
[0.548s] -- Installing: /home/ilyas/workspace/dirver_ws/src/driver/install/driver/share/driver/cmake/driverConfig.cmake
[0.548s] -- Installing: /home/ilyas/workspace/dirver_ws/src/driver/install/driver/share/driver/cmake/driverConfig-version.cmake
[0.548s] -- Installing: /home/ilyas/workspace/dirver_ws/src/driver/install/driver/share/driver/package.xml
[0.550s] Invoked command in '/home/ilyas/workspace/dirver_ws/src/driver/build/driver' returned '0': CMAKE_PREFIX_PATH=${CMAKE_PREFIX_PATH}:/opt/ros/humble /usr/bin/cmake --install /home/ilyas/workspace/dirver_ws/src/driver/build/driver
