[0.044s] Invoking command in '/home/ilyas/workspace/dirver_ws/build/driver': CMAKE_PREFIX_PATH=${CMAKE_PREFIX_PATH}:/opt/ros/humble /usr/bin/cmake --build /home/ilyas/workspace/dirver_ws/build/driver -- -j8 -l8
[0.070s] Invoked command in '/home/ilyas/workspace/dirver_ws/build/driver' returned '0': CMAKE_PREFIX_PATH=${CMAKE_PREFIX_PATH}:/opt/ros/humble /usr/bin/cmake --build /home/ilyas/workspace/dirver_ws/build/driver -- -j8 -l8
[0.094s] Invoking command in '/home/ilyas/workspace/dirver_ws/build/driver': CMAKE_PREFIX_PATH=${CMAKE_PREFIX_PATH}:/opt/ros/humble /usr/bin/cmake --install /home/ilyas/workspace/dirver_ws/build/driver
[0.099s] -- Install configuration: ""
[0.100s] -- Up-to-date: /home/ilyas/workspace/dirver_ws/install/driver/share/ament_index/resource_index/package_run_dependencies/driver
[0.100s] -- Up-to-date: /home/ilyas/workspace/dirver_ws/install/driver/share/ament_index/resource_index/parent_prefix_path/driver
[0.100s] -- Up-to-date: /home/ilyas/workspace/dirver_ws/install/driver/share/driver/environment/ament_prefix_path.sh
[0.100s] -- Up-to-date: /home/ilyas/workspace/dirver_ws/install/driver/share/driver/environment/ament_prefix_path.dsv
[0.101s] -- Up-to-date: /home/ilyas/workspace/dirver_ws/install/driver/share/driver/environment/path.sh
[0.101s] -- Up-to-date: /home/ilyas/workspace/dirver_ws/install/driver/share/driver/environment/path.dsv
[0.101s] -- Up-to-date: /home/ilyas/workspace/dirver_ws/install/driver/share/driver/local_setup.bash
[0.101s] -- Up-to-date: /home/ilyas/workspace/dirver_ws/install/driver/share/driver/local_setup.sh
[0.102s] -- Up-to-date: /home/ilyas/workspace/dirver_ws/install/driver/share/driver/local_setup.zsh
[0.102s] -- Up-to-date: /home/ilyas/workspace/dirver_ws/install/driver/share/driver/local_setup.dsv
[0.102s] -- Up-to-date: /home/ilyas/workspace/dirver_ws/install/driver/share/driver/package.dsv
[0.102s] -- Up-to-date: /home/ilyas/workspace/dirver_ws/install/driver/share/ament_index/resource_index/packages/driver
[0.102s] -- Up-to-date: /home/ilyas/workspace/dirver_ws/install/driver/share/driver/cmake/driverConfig.cmake
[0.102s] -- Up-to-date: /home/ilyas/workspace/dirver_ws/install/driver/share/driver/cmake/driverConfig-version.cmake
[0.103s] -- Up-to-date: /home/ilyas/workspace/dirver_ws/install/driver/share/driver/package.xml
[0.103s] Invoked command in '/home/ilyas/workspace/dirver_ws/build/driver' returned '0': CMAKE_PREFIX_PATH=${CMAKE_PREFIX_PATH}:/opt/ros/humble /usr/bin/cmake --install /home/ilyas/workspace/dirver_ws/build/driver
