[0.806s] DEBUG:colcon:Command line arguments: ['/usr/bin/colcon', 'build']
[0.806s] DEBUG:colcon:Parsed command line arguments: Namespace(log_base=None, log_level=None, verb_name='build', build_base='build', install_base='install', merge_install=False, symlink_install=False, test_result_base=None, continue_on_error=False, executor='parallel', parallel_workers=8, event_handlers=None, ignore_user_meta=False, metas=['./colcon.meta'], base_paths=['.'], packages_ignore=None, packages_ignore_regex=None, paths=None, packages_up_to=None, packages_up_to_regex=None, packages_above=None, packages_above_and_dependencies=None, packages_above_depth=None, packages_select_by_dep=None, packages_skip_by_dep=None, packages_skip_up_to=None, packages_select_build_failed=False, packages_skip_build_finished=False, packages_select_test_failures=False, packages_skip_test_passed=False, packages_select=None, packages_skip=None, packages_select_regex=None, packages_skip_regex=None, packages_start=None, packages_end=None, allow_overriding=[], cmake_args=None, cmake_target=None, cmake_target_skip_unavailable=False, cmake_clean_cache=False, cmake_clean_first=False, cmake_force_configure=False, ament_cmake_args=None, catkin_cmake_args=None, catkin_skip_building_tests=False, mixin_files=None, mixin=None, verb_parser=<colcon_mixin.mixin.mixin_argument.MixinArgumentDecorator object at 0x7ff4f36f1b40>, verb_extension=<colcon_core.verb.build.BuildVerb object at 0x7ff4f36f28f0>, main=<bound method BuildVerb.main of <colcon_core.verb.build.BuildVerb object at 0x7ff4f36f28f0>>, mixin_verb=('build',))
[0.835s] Level 1:colcon.colcon_core.package_discovery:discover_packages(colcon_meta) check parameters
[0.835s] Level 1:colcon.colcon_core.package_discovery:discover_packages(recursive) check parameters
[0.835s] Level 1:colcon.colcon_core.package_discovery:discover_packages(ignore) check parameters
[0.835s] Level 1:colcon.colcon_core.package_discovery:discover_packages(path) check parameters
[0.835s] Level 1:colcon.colcon_core.package_discovery:discover_packages(colcon_meta) discover
[0.835s] Level 1:colcon.colcon_core.package_discovery:discover_packages(recursive) discover
[0.835s] INFO:colcon.colcon_core.package_discovery:Crawling recursively for packages in '/home/ilyas/workspace/dirver_ws/src/driver'
[0.835s] Level 1:colcon.colcon_core.package_identification:_identify(.) by extensions ['ignore', 'ignore_ament_install']
[0.836s] Level 1:colcon.colcon_core.package_identification:_identify(.) by extension 'ignore'
[0.836s] Level 1:colcon.colcon_core.package_identification:_identify(.) by extension 'ignore_ament_install'
[0.836s] Level 1:colcon.colcon_core.package_identification:_identify(.) by extensions ['colcon_pkg']
[0.836s] Level 1:colcon.colcon_core.package_identification:_identify(.) by extension 'colcon_pkg'
[0.836s] Level 1:colcon.colcon_core.package_identification:_identify(.) by extensions ['colcon_meta']
[0.836s] Level 1:colcon.colcon_core.package_identification:_identify(.) by extension 'colcon_meta'
[0.836s] Level 1:colcon.colcon_core.package_identification:_identify(.) by extensions ['ros']
[0.836s] Level 1:colcon.colcon_core.package_identification:_identify(.) by extension 'ros'
[0.844s] DEBUG:colcon.colcon_core.package_identification:Package '.' with type 'ros.ament_cmake' and name 'driver'
[0.844s] Level 1:colcon.colcon_core.package_discovery:discover_packages(recursive) using defaults
[0.844s] Level 1:colcon.colcon_core.package_discovery:discover_packages(ignore) discover
[0.844s] Level 1:colcon.colcon_core.package_discovery:discover_packages(ignore) using defaults
[0.844s] Level 1:colcon.colcon_core.package_discovery:discover_packages(path) discover
[0.844s] Level 1:colcon.colcon_core.package_discovery:discover_packages(path) using defaults
[0.901s] Level 1:colcon.colcon_core.package_discovery:discover_packages(prefix_path) check parameters
[0.901s] Level 1:colcon.colcon_core.package_discovery:discover_packages(prefix_path) discover
[0.920s] DEBUG:colcon.colcon_installed_package_information.package_discovery:Found 1 installed packages in /home/ilyas/workspace/dirver_ws/install
[0.930s] DEBUG:colcon.colcon_installed_package_information.package_discovery:Found 355 installed packages in /opt/ros/humble
[0.931s] Level 1:colcon.colcon_core.package_discovery:discover_packages(prefix_path) using defaults
[0.991s] Level 5:colcon.colcon_core.verb:set package 'driver' build argument 'cmake_args' from command line to 'None'
[0.991s] Level 5:colcon.colcon_core.verb:set package 'driver' build argument 'cmake_target' from command line to 'None'
[0.991s] Level 5:colcon.colcon_core.verb:set package 'driver' build argument 'cmake_target_skip_unavailable' from command line to 'False'
[0.991s] Level 5:colcon.colcon_core.verb:set package 'driver' build argument 'cmake_clean_cache' from command line to 'False'
[0.991s] Level 5:colcon.colcon_core.verb:set package 'driver' build argument 'cmake_clean_first' from command line to 'False'
[0.991s] Level 5:colcon.colcon_core.verb:set package 'driver' build argument 'cmake_force_configure' from command line to 'False'
[0.991s] Level 5:colcon.colcon_core.verb:set package 'driver' build argument 'ament_cmake_args' from command line to 'None'
[0.991s] Level 5:colcon.colcon_core.verb:set package 'driver' build argument 'catkin_cmake_args' from command line to 'None'
[0.991s] Level 5:colcon.colcon_core.verb:set package 'driver' build argument 'catkin_skip_building_tests' from command line to 'False'
[0.991s] DEBUG:colcon.colcon_core.verb:Building package 'driver' with the following arguments: {'ament_cmake_args': None, 'build_base': '/home/ilyas/workspace/dirver_ws/src/driver/build/driver', 'catkin_cmake_args': None, 'catkin_skip_building_tests': False, 'cmake_args': None, 'cmake_clean_cache': False, 'cmake_clean_first': False, 'cmake_force_configure': False, 'cmake_target': None, 'cmake_target_skip_unavailable': False, 'install_base': '/home/ilyas/workspace/dirver_ws/src/driver/install/driver', 'merge_install': False, 'path': '/home/ilyas/workspace/dirver_ws/src/driver', 'symlink_install': False, 'test_result_base': None}
[1.000s] INFO:colcon.colcon_core.executor:Executing jobs using 'parallel' executor
[1.010s] DEBUG:colcon.colcon_parallel_executor.executor.parallel:run_until_complete
[1.010s] INFO:colcon.colcon_ros.task.ament_cmake.build:Building ROS package in '/home/ilyas/workspace/dirver_ws/src/driver' with build type 'ament_cmake'
[1.010s] INFO:colcon.colcon_cmake.task.cmake.build:Building CMake package in '/home/ilyas/workspace/dirver_ws/src/driver'
[1.020s] INFO:colcon.colcon_core.plugin_system:Skipping extension 'colcon_core.shell.bat': Not used on non-Windows systems
[1.020s] INFO:colcon.colcon_core.shell:Skip shell extension 'powershell' for command environment: Not usable outside of PowerShell
[1.020s] DEBUG:colcon.colcon_core.shell:Skip shell extension 'dsv' for command environment
[1.053s] DEBUG:colcon.colcon_core.event_handler.log_command:Invoking command in '/home/ilyas/workspace/dirver_ws/src/driver/build/driver': CMAKE_PREFIX_PATH=${CMAKE_PREFIX_PATH}:/opt/ros/humble /usr/bin/cmake /home/ilyas/workspace/dirver_ws/src/driver -DCMAKE_INSTALL_PREFIX=/home/ilyas/workspace/dirver_ws/src/driver/install/driver
[1.493s] DEBUG:colcon.colcon_core.event_handler.log_command:Invoked command in '/home/ilyas/workspace/dirver_ws/src/driver/build/driver' returned '0': CMAKE_PREFIX_PATH=${CMAKE_PREFIX_PATH}:/opt/ros/humble /usr/bin/cmake /home/ilyas/workspace/dirver_ws/src/driver -DCMAKE_INSTALL_PREFIX=/home/ilyas/workspace/dirver_ws/src/driver/install/driver
[1.494s] DEBUG:colcon.colcon_core.event_handler.log_command:Invoking command in '/home/ilyas/workspace/dirver_ws/src/driver/build/driver': CMAKE_PREFIX_PATH=${CMAKE_PREFIX_PATH}:/opt/ros/humble /usr/bin/cmake --build /home/ilyas/workspace/dirver_ws/src/driver/build/driver -- -j8 -l8
[1.522s] DEBUG:colcon.colcon_core.event_handler.log_command:Invoked command in '/home/ilyas/workspace/dirver_ws/src/driver/build/driver' returned '0': CMAKE_PREFIX_PATH=${CMAKE_PREFIX_PATH}:/opt/ros/humble /usr/bin/cmake --build /home/ilyas/workspace/dirver_ws/src/driver/build/driver -- -j8 -l8
[1.550s] DEBUG:colcon.colcon_core.event_handler.log_command:Invoking command in '/home/ilyas/workspace/dirver_ws/src/driver/build/driver': CMAKE_PREFIX_PATH=${CMAKE_PREFIX_PATH}:/opt/ros/humble /usr/bin/cmake --install /home/ilyas/workspace/dirver_ws/src/driver/build/driver
[1.560s] Level 1:colcon.colcon_core.environment:create_environment_scripts_only(driver)
[1.560s] DEBUG:colcon.colcon_core.event_handler.log_command:Invoked command in '/home/ilyas/workspace/dirver_ws/src/driver/build/driver' returned '0': CMAKE_PREFIX_PATH=${CMAKE_PREFIX_PATH}:/opt/ros/humble /usr/bin/cmake --install /home/ilyas/workspace/dirver_ws/src/driver/build/driver
[1.573s] Level 1:colcon.colcon_core.environment:checking '/home/ilyas/workspace/dirver_ws/src/driver/install/driver' for CMake module files
[1.573s] Level 1:colcon.colcon_core.environment:checking '/home/ilyas/workspace/dirver_ws/src/driver/install/driver' for CMake config files
[1.573s] Level 1:colcon.colcon_core.shell:create_environment_hook('driver', 'cmake_prefix_path')
[1.582s] INFO:colcon.colcon_core.shell:Creating environment hook '/home/ilyas/workspace/dirver_ws/src/driver/install/driver/share/driver/hook/cmake_prefix_path.ps1'
[1.583s] INFO:colcon.colcon_core.shell:Creating environment descriptor '/home/ilyas/workspace/dirver_ws/src/driver/install/driver/share/driver/hook/cmake_prefix_path.dsv'
[1.583s] INFO:colcon.colcon_core.shell:Creating environment hook '/home/ilyas/workspace/dirver_ws/src/driver/install/driver/share/driver/hook/cmake_prefix_path.sh'
[1.583s] Level 1:colcon.colcon_core.environment:checking '/home/ilyas/workspace/dirver_ws/src/driver/install/driver/bin'
[1.583s] Level 1:colcon.colcon_core.environment:checking '/home/ilyas/workspace/dirver_ws/src/driver/install/driver/lib/pkgconfig/driver.pc'
[1.583s] Level 1:colcon.colcon_core.environment:checking '/home/ilyas/workspace/dirver_ws/src/driver/install/driver/lib/python3.10/site-packages'
[1.584s] Level 1:colcon.colcon_core.environment:checking '/home/ilyas/workspace/dirver_ws/src/driver/install/driver/bin'
[1.592s] INFO:colcon.colcon_core.shell:Creating package script '/home/ilyas/workspace/dirver_ws/src/driver/install/driver/share/driver/package.ps1'
[1.593s] INFO:colcon.colcon_core.shell:Creating package descriptor '/home/ilyas/workspace/dirver_ws/src/driver/install/driver/share/driver/package.dsv'
[1.593s] INFO:colcon.colcon_core.shell:Creating package script '/home/ilyas/workspace/dirver_ws/src/driver/install/driver/share/driver/package.sh'
[1.593s] INFO:colcon.colcon_core.shell:Creating package script '/home/ilyas/workspace/dirver_ws/src/driver/install/driver/share/driver/package.bash'
[1.594s] INFO:colcon.colcon_core.shell:Creating package script '/home/ilyas/workspace/dirver_ws/src/driver/install/driver/share/driver/package.zsh'
[1.594s] Level 1:colcon.colcon_core.environment:create_file_with_runtime_dependencies(/home/ilyas/workspace/dirver_ws/src/driver/install/driver/share/colcon-core/packages/driver)
[1.620s] Level 1:colcon.colcon_core.environment:create_environment_scripts_only(driver)
[1.629s] Level 1:colcon.colcon_core.environment:checking '/home/ilyas/workspace/dirver_ws/src/driver/install/driver' for CMake module files
[1.629s] Level 1:colcon.colcon_core.environment:checking '/home/ilyas/workspace/dirver_ws/src/driver/install/driver' for CMake config files
[1.629s] Level 1:colcon.colcon_core.shell:create_environment_hook('driver', 'cmake_prefix_path')
[1.643s] INFO:colcon.colcon_core.shell:Creating environment hook '/home/ilyas/workspace/dirver_ws/src/driver/install/driver/share/driver/hook/cmake_prefix_path.ps1'
[1.643s] INFO:colcon.colcon_core.shell:Creating environment descriptor '/home/ilyas/workspace/dirver_ws/src/driver/install/driver/share/driver/hook/cmake_prefix_path.dsv'
[1.643s] INFO:colcon.colcon_core.shell:Creating environment hook '/home/ilyas/workspace/dirver_ws/src/driver/install/driver/share/driver/hook/cmake_prefix_path.sh'
[1.644s] Level 1:colcon.colcon_core.environment:checking '/home/ilyas/workspace/dirver_ws/src/driver/install/driver/bin'
[1.644s] Level 1:colcon.colcon_core.environment:checking '/home/ilyas/workspace/dirver_ws/src/driver/install/driver/lib/pkgconfig/driver.pc'
[1.644s] Level 1:colcon.colcon_core.environment:checking '/home/ilyas/workspace/dirver_ws/src/driver/install/driver/lib/python3.10/site-packages'
[1.644s] Level 1:colcon.colcon_core.environment:checking '/home/ilyas/workspace/dirver_ws/src/driver/install/driver/bin'
[1.658s] INFO:colcon.colcon_core.shell:Creating package script '/home/ilyas/workspace/dirver_ws/src/driver/install/driver/share/driver/package.ps1'
[1.659s] INFO:colcon.colcon_core.shell:Creating package descriptor '/home/ilyas/workspace/dirver_ws/src/driver/install/driver/share/driver/package.dsv'
[1.659s] INFO:colcon.colcon_core.shell:Creating package script '/home/ilyas/workspace/dirver_ws/src/driver/install/driver/share/driver/package.sh'
[1.660s] INFO:colcon.colcon_core.shell:Creating package script '/home/ilyas/workspace/dirver_ws/src/driver/install/driver/share/driver/package.bash'
[1.660s] INFO:colcon.colcon_core.shell:Creating package script '/home/ilyas/workspace/dirver_ws/src/driver/install/driver/share/driver/package.zsh'
[1.660s] Level 1:colcon.colcon_core.environment:create_file_with_runtime_dependencies(/home/ilyas/workspace/dirver_ws/src/driver/install/driver/share/colcon-core/packages/driver)
[1.660s] DEBUG:colcon.colcon_parallel_executor.executor.parallel:closing loop
[1.661s] DEBUG:colcon.colcon_parallel_executor.executor.parallel:loop closed
[1.661s] DEBUG:colcon.colcon_parallel_executor.executor.parallel:run_until_complete finished with '0'
[1.661s] DEBUG:colcon.colcon_core.event_reactor:joining thread
[1.675s] INFO:colcon.colcon_core.plugin_system:Skipping extension 'colcon_notification.desktop_notification.terminal_notifier': Not used on non-Darwin systems
[1.675s] INFO:colcon.colcon_core.plugin_system:Skipping extension 'colcon_notification.desktop_notification.win32': Not used on non-Windows systems
[1.675s] INFO:colcon.colcon_notification.desktop_notification:Sending desktop notification using 'notify2'
[1.685s] DEBUG:colcon.colcon_core.event_reactor:joined thread
[1.695s] INFO:colcon.colcon_core.shell:Creating prefix script '/home/ilyas/workspace/dirver_ws/src/driver/install/local_setup.ps1'
[1.696s] INFO:colcon.colcon_core.shell:Creating prefix util module '/home/ilyas/workspace/dirver_ws/src/driver/install/_local_setup_util_ps1.py'
[1.697s] INFO:colcon.colcon_core.shell:Creating prefix chain script '/home/ilyas/workspace/dirver_ws/src/driver/install/setup.ps1'
[1.708s] INFO:colcon.colcon_core.shell:Creating prefix script '/home/ilyas/workspace/dirver_ws/src/driver/install/local_setup.sh'
[1.708s] INFO:colcon.colcon_core.shell:Creating prefix util module '/home/ilyas/workspace/dirver_ws/src/driver/install/_local_setup_util_sh.py'
[1.708s] INFO:colcon.colcon_core.shell:Creating prefix chain script '/home/ilyas/workspace/dirver_ws/src/driver/install/setup.sh'
[1.718s] INFO:colcon.colcon_core.shell:Creating prefix script '/home/ilyas/workspace/dirver_ws/src/driver/install/local_setup.bash'
[1.718s] INFO:colcon.colcon_core.shell:Creating prefix chain script '/home/ilyas/workspace/dirver_ws/src/driver/install/setup.bash'
[1.728s] INFO:colcon.colcon_core.shell:Creating prefix script '/home/ilyas/workspace/dirver_ws/src/driver/install/local_setup.zsh'
[1.728s] INFO:colcon.colcon_core.shell:Creating prefix chain script '/home/ilyas/workspace/dirver_ws/src/driver/install/setup.zsh'
