-- Found ament_cmake: 1.3.5 (/opt/ros/humble/share/ament_cmake/cmake)
-- Found ament_lint_auto: 0.12.8 (/opt/ros/humble/share/ament_lint_auto/cmake)
-- Added test 'cppcheck' to perform static code analysis on C / C++ code
-- Configured cppcheck include dirs: 
-- Configured cppcheck exclude dirs and/or files: 
-- Added test 'flake8' to check Python code syntax and style conventions
-- Added test 'lint_cmake' to check CMake code style
-- Added test 'pep257' to check Python code against some of the docstring style conventions in PEP 257
-- Added test 'uncrustify' to check C / C++ code style
-- Configured uncrustify additional arguments: 
-- Added test 'xmllint' to check XML markup files
-- Configuring done
-- Generating done
-- Build files have been written to: /home/ilyas/workspace/dirver_ws/build/driver
-- Install configuration: ""
-- Up-to-date: /home/ilyas/workspace/dirver_ws/install/driver/share/ament_index/resource_index/package_run_dependencies/driver
-- Installing: /home/ilyas/workspace/dirver_ws/install/driver/share/ament_index/resource_index/parent_prefix_path/driver
-- Up-to-date: /home/ilyas/workspace/dirver_ws/install/driver/share/driver/environment/ament_prefix_path.sh
-- Installing: /home/ilyas/workspace/dirver_ws/install/driver/share/driver/environment/ament_prefix_path.dsv
-- Up-to-date: /home/ilyas/workspace/dirver_ws/install/driver/share/driver/environment/path.sh
-- Installing: /home/ilyas/workspace/dirver_ws/install/driver/share/driver/environment/path.dsv
-- Up-to-date: /home/ilyas/workspace/dirver_ws/install/driver/share/driver/local_setup.bash
-- Up-to-date: /home/ilyas/workspace/dirver_ws/install/driver/share/driver/local_setup.sh
-- Up-to-date: /home/ilyas/workspace/dirver_ws/install/driver/share/driver/local_setup.zsh
-- Installing: /home/ilyas/workspace/dirver_ws/install/driver/share/driver/local_setup.dsv
-- Installing: /home/ilyas/workspace/dirver_ws/install/driver/share/driver/package.dsv
-- Up-to-date: /home/ilyas/workspace/dirver_ws/install/driver/share/ament_index/resource_index/packages/driver
-- Up-to-date: /home/ilyas/workspace/dirver_ws/install/driver/share/driver/cmake/driverConfig.cmake
-- Up-to-date: /home/ilyas/workspace/dirver_ws/install/driver/share/driver/cmake/driverConfig-version.cmake
-- Installing: /home/ilyas/workspace/dirver_ws/install/driver/share/driver/package.xml
