[0.045s] Invoking command in '/home/ilyas/workspace/dirver_ws/build/driver': CMAKE_PREFIX_PATH=${CMAKE_PREFIX_PATH}:/opt/ros/humble /usr/bin/cmake --build /home/ilyas/workspace/dirver_ws/build/driver -- -j8 -l8
[0.060s] -- Found ament_cmake: 1.3.5 (/opt/ros/humble/share/ament_cmake/cmake)
[0.150s] -- Found ament_lint_auto: 0.12.8 (/opt/ros/humble/share/ament_lint_auto/cmake)
[0.192s] -- Added test 'cppcheck' to perform static code analysis on C / C++ code
[0.192s] -- Configured cppcheck include dirs: 
[0.192s] -- Configured cppcheck exclude dirs and/or files: 
[0.192s] -- Added test 'flake8' to check Python code syntax and style conventions
[0.193s] -- Added test 'lint_cmake' to check CMake code style
[0.193s] -- Added test 'pep257' to check Python code against some of the docstring style conventions in PEP 257
[0.193s] -- Added test 'uncrustify' to check C / C++ code style
[0.193s] -- Configured uncrustify additional arguments: 
[0.193s] -- Added test 'xmllint' to check XML markup files
[0.194s] -- Configuring done
[0.196s] -- Generating done
[0.196s] -- Build files have been written to: /home/ilyas/workspace/dirver_ws/build/driver
[0.211s] Invoked command in '/home/ilyas/workspace/dirver_ws/build/driver' returned '0': CMAKE_PREFIX_PATH=${CMAKE_PREFIX_PATH}:/opt/ros/humble /usr/bin/cmake --build /home/ilyas/workspace/dirver_ws/build/driver -- -j8 -l8
[0.239s] Invoking command in '/home/ilyas/workspace/dirver_ws/build/driver': CMAKE_PREFIX_PATH=${CMAKE_PREFIX_PATH}:/opt/ros/humble /usr/bin/cmake --install /home/ilyas/workspace/dirver_ws/build/driver
[0.247s] -- Install configuration: ""
[0.247s] -- Up-to-date: /home/ilyas/workspace/dirver_ws/install/driver/share/ament_index/resource_index/package_run_dependencies/driver
[0.247s] -- Installing: /home/ilyas/workspace/dirver_ws/install/driver/share/ament_index/resource_index/parent_prefix_path/driver
[0.247s] -- Up-to-date: /home/ilyas/workspace/dirver_ws/install/driver/share/driver/environment/ament_prefix_path.sh
[0.247s] -- Installing: /home/ilyas/workspace/dirver_ws/install/driver/share/driver/environment/ament_prefix_path.dsv
[0.247s] -- Up-to-date: /home/ilyas/workspace/dirver_ws/install/driver/share/driver/environment/path.sh
[0.247s] -- Installing: /home/ilyas/workspace/dirver_ws/install/driver/share/driver/environment/path.dsv
[0.248s] -- Up-to-date: /home/ilyas/workspace/dirver_ws/install/driver/share/driver/local_setup.bash
[0.248s] -- Up-to-date: /home/ilyas/workspace/dirver_ws/install/driver/share/driver/local_setup.sh
[0.248s] -- Up-to-date: /home/ilyas/workspace/dirver_ws/install/driver/share/driver/local_setup.zsh
[0.248s] -- Installing: /home/ilyas/workspace/dirver_ws/install/driver/share/driver/local_setup.dsv
[0.248s] -- Installing: /home/ilyas/workspace/dirver_ws/install/driver/share/driver/package.dsv
[0.248s] -- Up-to-date: /home/ilyas/workspace/dirver_ws/install/driver/share/ament_index/resource_index/packages/driver
[0.248s] -- Up-to-date: /home/ilyas/workspace/dirver_ws/install/driver/share/driver/cmake/driverConfig.cmake
[0.248s] -- Up-to-date: /home/ilyas/workspace/dirver_ws/install/driver/share/driver/cmake/driverConfig-version.cmake
[0.248s] -- Installing: /home/ilyas/workspace/dirver_ws/install/driver/share/driver/package.xml
[0.250s] Invoked command in '/home/ilyas/workspace/dirver_ws/build/driver' returned '0': CMAKE_PREFIX_PATH=${CMAKE_PREFIX_PATH}:/opt/ros/humble /usr/bin/cmake --install /home/ilyas/workspace/dirver_ws/build/driver
