[0.040s] Invoking command in '/home/ilyas/workspace/dirver_ws/build/driver': CMAKE_PREFIX_PATH=/opt/ros/humble /usr/bin/cmake --build /home/ilyas/workspace/dirver_ws/build/driver -- -j8 -l8
[0.056s] -- Found ament_cmake: 1.3.6 (/opt/ros/humble/share/ament_cmake/cmake)
[0.146s] -- Found rclcpp: 16.0.7 (/opt/ros/humble/share/rclcpp/cmake)
[0.172s] -- Found rosidl_generator_c: 3.1.5 (/opt/ros/humble/share/rosidl_generator_c/cmake)
[0.175s] -- Found rosidl_adapter: 3.1.5 (/opt/ros/humble/share/rosidl_adapter/cmake)
[0.181s] -- Found rosidl_generator_cpp: 3.1.5 (/opt/ros/humble/share/rosidl_generator_cpp/cmake)
[0.190s] -- Using all available rosidl_typesupport_c: rosidl_typesupport_fastrtps_c;rosidl_typesupport_introspection_c
[0.201s] -- Using all available rosidl_typesupport_cpp: rosidl_typesupport_fastrtps_cpp;rosidl_typesupport_introspection_cpp
[0.243s] -- Found rmw_implementation_cmake: 6.1.1 (/opt/ros/humble/share/rmw_implementation_cmake/cmake)
[0.245s] -- Found rmw_fastrtps_cpp: 6.2.5 (/opt/ros/humble/share/rmw_fastrtps_cpp/cmake)
[0.310s] -- Found OpenSSL: /usr/lib/x86_64-linux-gnu/libcrypto.so (found version "3.0.2")  
[0.330s] -- Found FastRTPS: /opt/ros/humble/include  
[0.361s] -- Using RMW implementation 'rmw_fastrtps_cpp' as default
[0.367s] -- Looking for pthread.h
[0.443s] -- Looking for pthread.h - found
[0.443s] -- Performing Test CMAKE_HAVE_LIBC_PTHREAD
[0.496s] -- Performing Test CMAKE_HAVE_LIBC_PTHREAD - Success
[0.497s] -- Found Threads: TRUE  
[0.599s] -- Found geometry_msgs: 4.2.3 (/opt/ros/humble/share/geometry_msgs/cmake)
[0.629s] [31mCMake Error at /opt/ros/humble/share/ament_cmake_target_dependencies/cmake/ament_target_dependencies.cmake:42 (message):
[0.629s]   ament_target_dependencies() the first argument must be a valid target name
[0.629s] Call Stack (most recent call first):
[0.629s]   CMakeLists.txt:22 (ament_target_dependencies)
[0.629s] 
[0.629s] [0m
[0.630s] -- Configuring incomplete, errors occurred!
[0.630s] See also "/home/ilyas/workspace/dirver_ws/build/driver/CMakeFiles/CMakeOutput.log".
[0.635s] gmake: *** [Makefile:226: cmake_check_build_system] Error 1
[0.637s] Invoked command in '/home/ilyas/workspace/dirver_ws/build/driver' returned '2': CMAKE_PREFIX_PATH=/opt/ros/humble /usr/bin/cmake --build /home/ilyas/workspace/dirver_ws/build/driver -- -j8 -l8
