[0.036s] Invoking command in '/home/ilyas/workspace/dirver_ws/build/driver': CMAKE_PREFIX_PATH=/opt/ros/humble /usr/bin/cmake --build /home/ilyas/workspace/dirver_ws/build/driver -- -j8 -l8
[0.051s] -- Found ament_cmake: 1.3.6 (/opt/ros/humble/share/ament_cmake/cmake)
[0.138s] -- Found rclcpp: 16.0.7 (/opt/ros/humble/share/rclcpp/cmake)
[0.157s] -- Found rosidl_generator_c: 3.1.5 (/opt/ros/humble/share/rosidl_generator_c/cmake)
[0.158s] -- Found rosidl_adapter: 3.1.5 (/opt/ros/humble/share/rosidl_adapter/cmake)
[0.161s] -- Found rosidl_generator_cpp: 3.1.5 (/opt/ros/humble/share/rosidl_generator_cpp/cmake)
[0.168s] -- Using all available rosidl_typesupport_c: rosidl_typesupport_fastrtps_c;rosidl_typesupport_introspection_c
[0.177s] -- Using all available rosidl_typesupport_cpp: rosidl_typesupport_fastrtps_cpp;rosidl_typesupport_introspection_cpp
[0.212s] -- Found rmw_implementation_cmake: 6.1.1 (/opt/ros/humble/share/rmw_implementation_cmake/cmake)
[0.213s] -- Found rmw_fastrtps_cpp: 6.2.5 (/opt/ros/humble/share/rmw_fastrtps_cpp/cmake)
[0.290s] -- Using RMW implementation 'rmw_fastrtps_cpp' as default
[0.403s] -- Found geometry_msgs: 4.2.3 (/opt/ros/humble/share/geometry_msgs/cmake)
[0.488s] -- Configuring done
[0.496s] -- Generating done
[0.497s] -- Build files have been written to: /home/ilyas/workspace/dirver_ws/build/driver
[0.525s] [ 50%] [32mBuilding CXX object CMakeFiles/driver.dir/src/MotorDriverNode.cpp.o[0m
[0.536s] [01m[K/home/ilyas/workspace/dirver_ws/src/driver/src/MotorDriverNode.cpp:3:10:[m[K [01;31m[Kfatal error: [m[KMotorDriverNode.hpp: No such file or directory
[0.536s]     3 | #include [01;31m[K"MotorDriverNode.hpp"[m[K
[0.536s]       |          [01;31m[K^~~~~~~~~~~~~~~~~~~~~[m[K
[0.536s] compilation terminated.
[0.537s] gmake[2]: *** [CMakeFiles/driver.dir/build.make:76: CMakeFiles/driver.dir/src/MotorDriverNode.cpp.o] Error 1
[0.537s] gmake[1]: *** [CMakeFiles/Makefile2:137: CMakeFiles/driver.dir/all] Error 2
[0.537s] gmake: *** [Makefile:146: all] Error 2
[0.539s] Invoked command in '/home/ilyas/workspace/dirver_ws/build/driver' returned '2': CMAKE_PREFIX_PATH=/opt/ros/humble /usr/bin/cmake --build /home/ilyas/workspace/dirver_ws/build/driver -- -j8 -l8
