[0.044s] Invoking command in '/home/ilyas/workspace/dirver_ws/src/build/driver': CMAKE_PREFIX_PATH=${CMAKE_PREFIX_PATH}:/opt/ros/humble /usr/bin/cmake /home/ilyas/workspace/dirver_ws/src/driver -DCMAKE_INSTALL_PREFIX=/home/ilyas/workspace/dirver_ws/src/install/driver
[0.085s] -- The C compiler identification is GNU 11.4.0
[0.127s] -- The CXX compiler identification is GNU 11.4.0
[0.132s] -- Detecting C compiler ABI info
[0.181s] -- Detecting C compiler ABI info - done
[0.186s] -- Check for working C compiler: /usr/bin/cc - skipped
[0.186s] -- Detecting C compile features
[0.186s] -- Detecting C compile features - done
[0.189s] -- Detecting CXX compiler ABI info
[0.243s] -- Detecting CXX compiler ABI info - done
[0.248s] -- Check for working CXX compiler: /usr/bin/c++ - skipped
[0.248s] -- Detecting CXX compile features
[0.248s] -- Detecting CXX compile features - done
[0.250s] -- Found ament_cmake: 1.3.5 (/opt/ros/humble/share/ament_cmake/cmake)
[0.366s] -- Found Python3: /usr/bin/python3.10 (found version "3.10.12") found components: Interpreter 
[0.449s] -- Found ament_lint_auto: 0.12.8 (/opt/ros/humble/share/ament_lint_auto/cmake)
[0.503s] -- Added test 'cppcheck' to perform static code analysis on C / C++ code
[0.503s] -- Configured cppcheck include dirs: 
[0.503s] -- Configured cppcheck exclude dirs and/or files: 
[0.504s] -- Added test 'flake8' to check Python code syntax and style conventions
[0.504s] -- Added test 'lint_cmake' to check CMake code style
[0.504s] -- Added test 'pep257' to check Python code against some of the docstring style conventions in PEP 257
[0.505s] -- Added test 'uncrustify' to check C / C++ code style
[0.505s] -- Configured uncrustify additional arguments: 
[0.505s] -- Added test 'xmllint' to check XML markup files
[0.506s] -- Configuring done
[0.508s] -- Generating done
[0.508s] -- Build files have been written to: /home/ilyas/workspace/dirver_ws/src/build/driver
[0.512s] Invoked command in '/home/ilyas/workspace/dirver_ws/src/build/driver' returned '0': CMAKE_PREFIX_PATH=${CMAKE_PREFIX_PATH}:/opt/ros/humble /usr/bin/cmake /home/ilyas/workspace/dirver_ws/src/driver -DCMAKE_INSTALL_PREFIX=/home/ilyas/workspace/dirver_ws/src/install/driver
[0.514s] Invoking command in '/home/ilyas/workspace/dirver_ws/src/build/driver': CMAKE_PREFIX_PATH=${CMAKE_PREFIX_PATH}:/opt/ros/humble /usr/bin/cmake --build /home/ilyas/workspace/dirver_ws/src/build/driver -- -j8 -l8
[0.540s] Invoked command in '/home/ilyas/workspace/dirver_ws/src/build/driver' returned '0': CMAKE_PREFIX_PATH=${CMAKE_PREFIX_PATH}:/opt/ros/humble /usr/bin/cmake --build /home/ilyas/workspace/dirver_ws/src/build/driver -- -j8 -l8
[0.561s] Invoking command in '/home/ilyas/workspace/dirver_ws/src/build/driver': CMAKE_PREFIX_PATH=${CMAKE_PREFIX_PATH}:/opt/ros/humble /usr/bin/cmake --install /home/ilyas/workspace/dirver_ws/src/build/driver
[0.566s] -- Install configuration: ""
[0.566s] -- Installing: /home/ilyas/workspace/dirver_ws/src/install/driver/share/ament_index/resource_index/package_run_dependencies/driver
[0.566s] -- Installing: /home/ilyas/workspace/dirver_ws/src/install/driver/share/ament_index/resource_index/parent_prefix_path/driver
[0.566s] -- Installing: /home/ilyas/workspace/dirver_ws/src/install/driver/share/driver/environment/ament_prefix_path.sh
[0.566s] -- Installing: /home/ilyas/workspace/dirver_ws/src/install/driver/share/driver/environment/ament_prefix_path.dsv
[0.566s] -- Installing: /home/ilyas/workspace/dirver_ws/src/install/driver/share/driver/environment/path.sh
[0.566s] -- Installing: /home/ilyas/workspace/dirver_ws/src/install/driver/share/driver/environment/path.dsv
[0.566s] -- Installing: /home/ilyas/workspace/dirver_ws/src/install/driver/share/driver/local_setup.bash
[0.566s] -- Installing: /home/ilyas/workspace/dirver_ws/src/install/driver/share/driver/local_setup.sh
[0.566s] -- Installing: /home/ilyas/workspace/dirver_ws/src/install/driver/share/driver/local_setup.zsh
[0.566s] -- Installing: /home/ilyas/workspace/dirver_ws/src/install/driver/share/driver/local_setup.dsv
[0.566s] -- Installing: /home/ilyas/workspace/dirver_ws/src/install/driver/share/driver/package.dsv
[0.567s] -- Installing: /home/ilyas/workspace/dirver_ws/src/install/driver/share/ament_index/resource_index/packages/driver
[0.567s] -- Installing: /home/ilyas/workspace/dirver_ws/src/install/driver/share/driver/cmake/driverConfig.cmake
[0.567s] -- Installing: /home/ilyas/workspace/dirver_ws/src/install/driver/share/driver/cmake/driverConfig-version.cmake
[0.567s] -- Installing: /home/ilyas/workspace/dirver_ws/src/install/driver/share/driver/package.xml
[0.568s] Invoked command in '/home/ilyas/workspace/dirver_ws/src/build/driver' returned '0': CMAKE_PREFIX_PATH=${CMAKE_PREFIX_PATH}:/opt/ros/humble /usr/bin/cmake --install /home/ilyas/workspace/dirver_ws/src/build/driver
