[0.034s] Invoking command in '/home/ilyas/workspace/dirver_ws/build/driver': CMAKE_PREFIX_PATH=/opt/ros/humble /usr/bin/cmake /home/ilyas/workspace/dirver_ws/src/driver -DCMAKE_INSTALL_PREFIX=/home/ilyas/workspace/dirver_ws/install/driver
[0.135s] -- The C compiler identification is GNU 11.4.0
[0.204s] -- The CXX compiler identification is GNU 11.4.0
[0.212s] -- Detecting C compiler ABI info
[0.293s] -- Detecting C compiler ABI info - done
[0.297s] -- Check for working C compiler: /usr/bin/cc - skipped
[0.297s] -- Detecting C compile features
[0.298s] -- Detecting C compile features - done
[0.300s] -- Detecting CXX compiler ABI info
[0.368s] -- Detecting CXX compiler ABI info - done
[0.373s] -- Check for working CXX compiler: /usr/bin/c++ - skipped
[0.373s] -- Detecting CXX compile features
[0.373s] -- Detecting CXX compile features - done
[0.378s] -- Found ament_cmake: 1.3.5 (/opt/ros/humble/share/ament_cmake/cmake)
[0.485s] -- Found Python3: /usr/bin/python3.10 (found version "3.10.12") found components: Interpreter 
[0.552s] -- Found ament_lint_auto: 0.12.8 (/opt/ros/humble/share/ament_lint_auto/cmake)
[0.606s] -- Added test 'lint_cmake' to check CMake code style
[0.606s] -- Added test 'xmllint' to check XML markup files
[0.607s] -- Configuring done
[0.609s] -- Generating done
[0.610s] -- Build files have been written to: /home/ilyas/workspace/dirver_ws/build/driver
[0.613s] Invoked command in '/home/ilyas/workspace/dirver_ws/build/driver' returned '0': CMAKE_PREFIX_PATH=/opt/ros/humble /usr/bin/cmake /home/ilyas/workspace/dirver_ws/src/driver -DCMAKE_INSTALL_PREFIX=/home/ilyas/workspace/dirver_ws/install/driver
[0.615s] Invoking command in '/home/ilyas/workspace/dirver_ws/build/driver': CMAKE_PREFIX_PATH=/opt/ros/humble /usr/bin/cmake --build /home/ilyas/workspace/dirver_ws/build/driver -- -j8 -l8
[0.640s] Invoked command in '/home/ilyas/workspace/dirver_ws/build/driver' returned '0': CMAKE_PREFIX_PATH=/opt/ros/humble /usr/bin/cmake --build /home/ilyas/workspace/dirver_ws/build/driver -- -j8 -l8
[0.674s] Invoking command in '/home/ilyas/workspace/dirver_ws/build/driver': CMAKE_PREFIX_PATH=/opt/ros/humble /usr/bin/cmake --install /home/ilyas/workspace/dirver_ws/build/driver
[0.681s] -- Install configuration: ""
[0.681s] -- Installing: /home/ilyas/workspace/dirver_ws/install/driver/share/ament_index/resource_index/package_run_dependencies/driver
[0.682s] -- Installing: /home/ilyas/workspace/dirver_ws/install/driver/share/ament_index/resource_index/parent_prefix_path/driver
[0.682s] -- Installing: /home/ilyas/workspace/dirver_ws/install/driver/share/driver/environment/ament_prefix_path.sh
[0.682s] -- Installing: /home/ilyas/workspace/dirver_ws/install/driver/share/driver/environment/ament_prefix_path.dsv
[0.682s] -- Installing: /home/ilyas/workspace/dirver_ws/install/driver/share/driver/environment/path.sh
[0.682s] -- Installing: /home/ilyas/workspace/dirver_ws/install/driver/share/driver/environment/path.dsv
[0.682s] -- Installing: /home/ilyas/workspace/dirver_ws/install/driver/share/driver/local_setup.bash
[0.682s] -- Installing: /home/ilyas/workspace/dirver_ws/install/driver/share/driver/local_setup.sh
[0.683s] -- Installing: /home/ilyas/workspace/dirver_ws/install/driver/share/driver/local_setup.zsh
[0.683s] -- Installing: /home/ilyas/workspace/dirver_ws/install/driver/share/driver/local_setup.dsv
[0.683s] -- Installing: /home/ilyas/workspace/dirver_ws/install/driver/share/driver/package.dsv
[0.683s] -- Installing: /home/ilyas/workspace/dirver_ws/install/driver/share/ament_index/resource_index/packages/driver
[0.683s] -- Installing: /home/ilyas/workspace/dirver_ws/install/driver/share/driver/cmake/driverConfig.cmake
[0.683s] -- Installing: /home/ilyas/workspace/dirver_ws/install/driver/share/driver/cmake/driverConfig-version.cmake
[0.683s] -- Installing: /home/ilyas/workspace/dirver_ws/install/driver/share/driver/package.xml
[0.685s] Invoked command in '/home/ilyas/workspace/dirver_ws/build/driver' returned '0': CMAKE_PREFIX_PATH=/opt/ros/humble /usr/bin/cmake --install /home/ilyas/workspace/dirver_ws/build/driver
